{
    "rows_returned": 1,
    "latency": 0.7832925,
    "result_set_size": 8,
    "query_name": "SELECT min(b.valueB1) \nFROM a \nJOIN b ON a.keyB1 = b.keyB1;",
    "blocked_thread_time": 0.0,
    "system_peak_buffer_memory": 8582404096,
    "system_peak_temp_dir_size": 0,
    "cpu_time": 2.9956543809993716,
    "extra_info": {},
    "cumulative_cardinality": 1200400005,
    "cumulative_rows_scanned": 1601600008,
    "children": [
        {
            "result_set_size": 8,
            "operator_name": "UNGROUPED_AGGREGATE",
            "cpu_time": 2.9956543809993716,
            "extra_info": {
                "Aggregates": "min(#0)"
            },
            "cumulative_cardinality": 1200400005,
            "operator_type": "UNGROUPED_AGGREGATE",
            "operator_cardinality": 1,
            "cumulative_rows_scanned": 1601600008,
            "operator_rows_scanned": 0,
            "operator_timing": 0.20815388000000223,
            "children": [
                {
                    "result_set_size": 3200000008,
                    "operator_name": "PROJECTION",
                    "cpu_time": 2.7875005009993696,
                    "extra_info": {
                        "Projections": "valueB1",
                        "Estimated Cardinality": "400001"
                    },
                    "cumulative_cardinality": 1200400004,
                    "operator_type": "PROJECTION",
                    "operator_cardinality": 400000001,
                    "cumulative_rows_scanned": 1601600008,
                    "operator_rows_scanned": 0,
                    "operator_timing": 0.013269702999996264,
                    "children": [
                        {
                            "result_set_size": 6400000016,
                            "operator_name": "HASH_JOIN",
                            "cpu_time": 2.7742307979993734,
                            "extra_info": {
                                "Join Type": "INNER",
                                "Conditions": "keyB1 = keyB1",
                                "Estimated Cardinality": "400001"
                            },
                            "cumulative_cardinality": 800400003,
                            "operator_type": "HASH_JOIN",
                            "operator_cardinality": 400000001,
                            "cumulative_rows_scanned": 1601600008,
                            "operator_rows_scanned": 0,
                            "operator_timing": 2.665986140999375,
                            "children": [
                                {
                                    "result_set_size": 3200000008,
                                    "operator_name": "SEQ_SCAN ",
                                    "cpu_time": 0.10801465099999846,
                                    "extra_info": {
                                        "Table": "a",
                                        "Type": "Sequential Scan",
                                        "Projections": "keyB1",
                                        "Estimated Cardinality": "400000001"
                                    },
                                    "cumulative_cardinality": 400000001,
                                    "operator_type": "TABLE_SCAN",
                                    "operator_cardinality": 400000001,
                                    "cumulative_rows_scanned": 1600000004,
                                    "operator_rows_scanned": 1600000004,
                                    "operator_timing": 0.10801465099999846,
                                    "children": []
                                },
                                {
                                    "result_set_size": 6400016,
                                    "operator_name": "SEQ_SCAN ",
                                    "cpu_time": 0.000230006,
                                    "extra_info": {
                                        "Table": "b",
                                        "Type": "Sequential Scan",
                                        "Projections": [
                                            "keyB1",
                                            "valueB1"
                                        ],
                                        "Estimated Cardinality": "400001"
                                    },
                                    "cumulative_cardinality": 400001,
                                    "operator_type": "TABLE_SCAN",
                                    "operator_cardinality": 400001,
                                    "cumulative_rows_scanned": 1600004,
                                    "operator_rows_scanned": 1600004,
                                    "operator_timing": 0.000230006,
                                    "children": []
                                }
                            ]
                        }
                    ]
                }
            ]
        }
    ]
}