{
    "rows_returned": 1,
    "latency": 3.507566899,
    "result_set_size": 8,
    "query_name": "SELECT min(b.valueB1) \nFROM a \nJOIN b ON a.keyB1 = b.keyB1;",
    "blocked_thread_time": 0.0,
    "system_peak_buffer_memory": 13334423552,
    "system_peak_temp_dir_size": 0,
    "cpu_time": 13.737706453000675,
    "extra_info": {},
    "cumulative_cardinality": 1240000005,
    "cumulative_rows_scanned": 1760000008,
    "children": [
        {
            "result_set_size": 8,
            "operator_name": "UNGROUPED_AGGREGATE",
            "cpu_time": 13.737706453000675,
            "extra_info": {
                "Aggregates": "min(#0)"
            },
            "cumulative_cardinality": 1240000005,
            "operator_type": "UNGROUPED_AGGREGATE",
            "operator_cardinality": 1,
            "cumulative_rows_scanned": 1760000008,
            "operator_rows_scanned": 0,
            "operator_timing": 0.21661998000000027,
            "children": [
                {
                    "result_set_size": 3200000008,
                    "operator_name": "PROJECTION",
                    "cpu_time": 13.521086473000674,
                    "extra_info": {
                        "Projections": "valueB1",
                        "Estimated Cardinality": "400000001"
                    },
                    "cumulative_cardinality": 1240000004,
                    "operator_type": "PROJECTION",
                    "operator_cardinality": 400000001,
                    "cumulative_rows_scanned": 1760000008,
                    "operator_rows_scanned": 0,
                    "operator_timing": 0.018832346000000628,
                    "children": [
                        {
                            "result_set_size": 6400000016,
                            "operator_name": "HASH_JOIN",
                            "cpu_time": 13.502254127000674,
                            "extra_info": {
                                "Join Type": "INNER",
                                "Conditions": "keyB1 = keyB1",
                                "Estimated Cardinality": "400000001"
                            },
                            "cumulative_cardinality": 840000003,
                            "operator_type": "HASH_JOIN",
                            "operator_cardinality": 400000001,
                            "cumulative_rows_scanned": 1760000008,
                            "operator_rows_scanned": 0,
                            "operator_timing": 13.333097678000675,
                            "children": [
                                {
                                    "result_set_size": 3200000008,
                                    "operator_name": "SEQ_SCAN ",
                                    "cpu_time": 0.15275209899999975,
                                    "extra_info": {
                                        "Table": "a",
                                        "Type": "Sequential Scan",
                                        "Projections": "keyB1",
                                        "Estimated Cardinality": "400000001"
                                    },
                                    "cumulative_cardinality": 400000001,
                                    "operator_type": "TABLE_SCAN",
                                    "operator_cardinality": 400000001,
                                    "cumulative_rows_scanned": 1600000004,
                                    "operator_rows_scanned": 1600000004,
                                    "operator_timing": 0.15275209899999975,
                                    "children": []
                                },
                                {
                                    "result_set_size": 640000016,
                                    "operator_name": "SEQ_SCAN ",
                                    "cpu_time": 0.016404349999999974,
                                    "extra_info": {
                                        "Table": "b",
                                        "Type": "Sequential Scan",
                                        "Projections": [
                                            "keyB1",
                                            "valueB1"
                                        ],
                                        "Estimated Cardinality": "40000001"
                                    },
                                    "cumulative_cardinality": 40000001,
                                    "operator_type": "TABLE_SCAN",
                                    "operator_cardinality": 40000001,
                                    "cumulative_rows_scanned": 160000004,
                                    "operator_rows_scanned": 160000004,
                                    "operator_timing": 0.016404349999999974,
                                    "children": []
                                }
                            ]
                        }
                    ]
                }
            ]
        }
    ]
}