{
    "rows_returned": 1,
    "latency": 5.963570309,
    "result_set_size": 8,
    "query_name": "SELECT min(b.valueB1) \nFROM a \nJOIN b ON a.keyB1 = b.keyB1;",
    "blocked_thread_time": 0.0,
    "system_peak_buffer_memory": 13334423552,
    "system_peak_temp_dir_size": 0,
    "cpu_time": 23.547022259999977,
    "extra_info": {},
    "cumulative_cardinality": 1240000005,
    "cumulative_rows_scanned": 1760000008,
    "children": [
        {
            "result_set_size": 8,
            "operator_name": "UNGROUPED_AGGREGATE",
            "cpu_time": 23.547022259999977,
            "extra_info": {
                "Aggregates": "min(#0)"
            },
            "cumulative_cardinality": 1240000005,
            "operator_type": "UNGROUPED_AGGREGATE",
            "operator_cardinality": 1,
            "cumulative_rows_scanned": 1760000008,
            "operator_rows_scanned": 0,
            "operator_timing": 0.2216666960000002,
            "children": [
                {
                    "result_set_size": 3200000008,
                    "operator_name": "PROJECTION",
                    "cpu_time": 23.325355563999977,
                    "extra_info": {
                        "Projections": "valueB1",
                        "Estimated Cardinality": "400000001"
                    },
                    "cumulative_cardinality": 1240000004,
                    "operator_type": "PROJECTION",
                    "operator_cardinality": 400000001,
                    "cumulative_rows_scanned": 1760000008,
                    "operator_rows_scanned": 0,
                    "operator_timing": 0.020932220000000574,
                    "children": [
                        {
                            "result_set_size": 6400000016,
                            "operator_name": "HASH_JOIN",
                            "cpu_time": 23.30442334399998,
                            "extra_info": {
                                "Join Type": "INNER",
                                "Conditions": "keyB1 = keyB1",
                                "Estimated Cardinality": "400000001"
                            },
                            "cumulative_cardinality": 840000003,
                            "operator_type": "HASH_JOIN",
                            "operator_cardinality": 400000001,
                            "cumulative_rows_scanned": 1760000008,
                            "operator_rows_scanned": 0,
                            "operator_timing": 23.08861929699998,
                            "children": [
                                {
                                    "result_set_size": 3200000008,
                                    "operator_name": "SEQ_SCAN ",
                                    "cpu_time": 0.20070981100000054,
                                    "extra_info": {
                                        "Table": "a",
                                        "Type": "Sequential Scan",
                                        "Projections": "keyB1",
                                        "Estimated Cardinality": "400000001"
                                    },
                                    "cumulative_cardinality": 400000001,
                                    "operator_type": "TABLE_SCAN",
                                    "operator_cardinality": 400000001,
                                    "cumulative_rows_scanned": 1600000004,
                                    "operator_rows_scanned": 1600000004,
                                    "operator_timing": 0.20070981100000054,
                                    "children": []
                                },
                                {
                                    "result_set_size": 640000016,
                                    "operator_name": "SEQ_SCAN ",
                                    "cpu_time": 0.015094236000000014,
                                    "extra_info": {
                                        "Table": "b",
                                        "Type": "Sequential Scan",
                                        "Projections": [
                                            "keyB1",
                                            "valueB1"
                                        ],
                                        "Estimated Cardinality": "40000001"
                                    },
                                    "cumulative_cardinality": 40000001,
                                    "operator_type": "TABLE_SCAN",
                                    "operator_cardinality": 40000001,
                                    "cumulative_rows_scanned": 160000004,
                                    "operator_rows_scanned": 160000004,
                                    "operator_timing": 0.015094236000000014,
                                    "children": []
                                }
                            ]
                        }
                    ]
                }
            ]
        }
    ]
}