{
    "rows_returned": 1,
    "latency": 9.652400094,
    "result_set_size": 8,
    "query_name": "SELECT min(b.valueB1) \nFROM a \nJOIN b ON a.keyB1 = b.keyB1;",
    "blocked_thread_time": 0.0,
    "system_peak_buffer_memory": 9014417408,
    "system_peak_temp_dir_size": 0,
    "cpu_time": 38.32927218599993,
    "extra_info": {},
    "cumulative_cardinality": 1204000005,
    "cumulative_rows_scanned": 1616000008,
    "children": [
        {
            "result_set_size": 8,
            "operator_name": "UNGROUPED_AGGREGATE",
            "cpu_time": 38.32927218599993,
            "extra_info": {
                "Aggregates": "min(#0)"
            },
            "cumulative_cardinality": 1204000005,
            "operator_type": "UNGROUPED_AGGREGATE",
            "operator_cardinality": 1,
            "cumulative_rows_scanned": 1616000008,
            "operator_rows_scanned": 0,
            "operator_timing": 0.3036100310000019,
            "children": [
                {
                    "result_set_size": 3200000008,
                    "operator_name": "PROJECTION",
                    "cpu_time": 38.02566215499993,
                    "extra_info": {
                        "Projections": "valueB1",
                        "Estimated Cardinality": "4000001"
                    },
                    "cumulative_cardinality": 1204000004,
                    "operator_type": "PROJECTION",
                    "operator_cardinality": 400000001,
                    "cumulative_rows_scanned": 1616000008,
                    "operator_rows_scanned": 0,
                    "operator_timing": 0.02206979400000219,
                    "children": [
                        {
                            "result_set_size": 6400000016,
                            "operator_name": "HASH_JOIN",
                            "cpu_time": 38.003592360999924,
                            "extra_info": {
                                "Join Type": "INNER",
                                "Conditions": "keyB1 = keyB1",
                                "Estimated Cardinality": "4000001",
                                "Build Time": "96.768 ms",
                                "Probe Time": "34701.470 ms",
                                "Probe Time (ExecuteInternal)": "34701.470 ms",
                                "Probe Time (ExternalProbe)": "0.000 ms",
                                "Scan Structure Next Time (ExecuteInternal)": "1191.486 ms",
                                "Fast Cache Time": "31451.195 ms",
                                "ProbeForPointers Time": "561.398 ms",
                                "Match Time": "1469.708 ms"
                            },
                            "cumulative_cardinality": 804000003,
                            "operator_type": "HASH_JOIN",
                            "operator_cardinality": 400000001,
                            "cumulative_rows_scanned": 1616000008,
                            "operator_rows_scanned": 0,
                            "operator_timing": 37.827528367999925,
                            "children": [
                                {
                                    "result_set_size": 3200000008,
                                    "operator_name": "SEQ_SCAN ",
                                    "cpu_time": 0.17302554700000086,
                                    "extra_info": {
                                        "Table": "a",
                                        "Type": "Sequential Scan",
                                        "Projections": "keyB1",
                                        "Estimated Cardinality": "400000001"
                                    },
                                    "cumulative_cardinality": 400000001,
                                    "operator_type": "TABLE_SCAN",
                                    "operator_cardinality": 400000001,
                                    "cumulative_rows_scanned": 1600000004,
                                    "operator_rows_scanned": 1600000004,
                                    "operator_timing": 0.17302554700000086,
                                    "children": []
                                },
                                {
                                    "result_set_size": 64000016,
                                    "operator_name": "SEQ_SCAN ",
                                    "cpu_time": 0.0030384459999999993,
                                    "extra_info": {
                                        "Table": "b",
                                        "Type": "Sequential Scan",
                                        "Projections": [
                                            "keyB1",
                                            "valueB1"
                                        ],
                                        "Estimated Cardinality": "4000001"
                                    },
                                    "cumulative_cardinality": 4000001,
                                    "operator_type": "TABLE_SCAN",
                                    "operator_cardinality": 4000001,
                                    "cumulative_rows_scanned": 16000004,
                                    "operator_rows_scanned": 16000004,
                                    "operator_timing": 0.0030384459999999993,
                                    "children": []
                                }
                            ]
                        }
                    ]
                }
            ]
        }
    ]
}