{
    "rows_returned": 1,
    "latency": 11.801802602,
    "result_set_size": 8,
    "query_name": "SELECT min(b.valueB1) \nFROM a \nJOIN b ON a.keyB1 = b.keyB1;",
    "blocked_thread_time": 0.0,
    "system_peak_buffer_memory": 8630417408,
    "system_peak_temp_dir_size": 0,
    "cpu_time": 46.92216082899998,
    "extra_info": {},
    "cumulative_cardinality": 1200800005,
    "cumulative_rows_scanned": 1603200008,
    "children": [
        {
            "result_set_size": 8,
            "operator_name": "UNGROUPED_AGGREGATE",
            "cpu_time": 46.92216082899998,
            "extra_info": {
                "Aggregates": "min(#0)"
            },
            "cumulative_cardinality": 1200800005,
            "operator_type": "UNGROUPED_AGGREGATE",
            "operator_cardinality": 1,
            "cumulative_rows_scanned": 1603200008,
            "operator_rows_scanned": 0,
            "operator_timing": 0.281479185000006,
            "children": [
                {
                    "result_set_size": 3200000008,
                    "operator_name": "PROJECTION",
                    "cpu_time": 46.64068164399997,
                    "extra_info": {
                        "Projections": "valueB1",
                        "Estimated Cardinality": "800001"
                    },
                    "cumulative_cardinality": 1200800004,
                    "operator_type": "PROJECTION",
                    "operator_cardinality": 400000001,
                    "cumulative_rows_scanned": 1603200008,
                    "operator_rows_scanned": 0,
                    "operator_timing": 0.021571398000001067,
                    "children": [
                        {
                            "result_set_size": 6400000016,
                            "operator_name": "HASH_JOIN",
                            "cpu_time": 46.61911024599997,
                            "extra_info": {
                                "Join Type": "INNER",
                                "Conditions": "keyB1 = keyB1",
                                "Estimated Cardinality": "800001",
                                "Build Time": "15.042 ms",
                                "Probe Time": "43736.532 ms",
                                "Probe Time (ExecuteInternal)": "43736.532 ms",
                                "Probe Time (ExternalProbe)": "0.000 ms",
                                "Scan Structure Next Time (ExecuteInternal)": "1067.411 ms",
                                "Fast Cache Time": "40558.081 ms",
                                "ProbeForPointers Time": "563.733 ms",
                                "Match Time": "1224.028 ms"
                            },
                            "cumulative_cardinality": 800800003,
                            "operator_type": "HASH_JOIN",
                            "operator_cardinality": 400000001,
                            "cumulative_rows_scanned": 1603200008,
                            "operator_rows_scanned": 0,
                            "operator_timing": 46.45794883199997,
                            "children": [
                                {
                                    "result_set_size": 3200000008,
                                    "operator_name": "SEQ_SCAN ",
                                    "cpu_time": 0.16063597799999987,
                                    "extra_info": {
                                        "Table": "a",
                                        "Type": "Sequential Scan",
                                        "Projections": "keyB1",
                                        "Estimated Cardinality": "400000001"
                                    },
                                    "cumulative_cardinality": 400000001,
                                    "operator_type": "TABLE_SCAN",
                                    "operator_cardinality": 400000001,
                                    "cumulative_rows_scanned": 1600000004,
                                    "operator_rows_scanned": 1600000004,
                                    "operator_timing": 0.16063597799999987,
                                    "children": []
                                },
                                {
                                    "result_set_size": 12800016,
                                    "operator_name": "SEQ_SCAN ",
                                    "cpu_time": 0.000525436,
                                    "extra_info": {
                                        "Table": "b",
                                        "Type": "Sequential Scan",
                                        "Projections": [
                                            "keyB1",
                                            "valueB1"
                                        ],
                                        "Estimated Cardinality": "800001"
                                    },
                                    "cumulative_cardinality": 800001,
                                    "operator_type": "TABLE_SCAN",
                                    "operator_cardinality": 800001,
                                    "cumulative_rows_scanned": 3200004,
                                    "operator_rows_scanned": 3200004,
                                    "operator_timing": 0.000525436,
                                    "children": []
                                }
                            ]
                        }
                    ]
                }
            ]
        }
    ]
}