{
    "rows_returned": 1,
    "latency": 4.46554475,
    "result_set_size": 8,
    "query_name": "SELECT min(b.valueB1) \nFROM a \nJOIN b ON a.keyB1 = b.keyB1;",
    "blocked_thread_time": 0.0,
    "system_peak_buffer_memory": 8774408192,
    "system_peak_temp_dir_size": 0,
    "cpu_time": 17.642926130999985,
    "extra_info": {},
    "cumulative_cardinality": 1202000005,
    "cumulative_rows_scanned": 1608000008,
    "children": [
        {
            "result_set_size": 8,
            "operator_name": "UNGROUPED_AGGREGATE",
            "cpu_time": 17.642926130999985,
            "extra_info": {
                "Aggregates": "min(#0)"
            },
            "cumulative_cardinality": 1202000005,
            "operator_type": "UNGROUPED_AGGREGATE",
            "operator_cardinality": 1,
            "cumulative_rows_scanned": 1608000008,
            "operator_rows_scanned": 0,
            "operator_timing": 0.3097772499999973,
            "children": [
                {
                    "result_set_size": 3200000008,
                    "operator_name": "PROJECTION",
                    "cpu_time": 17.33314888099999,
                    "extra_info": {
                        "Projections": "valueB1",
                        "Estimated Cardinality": "400000001"
                    },
                    "cumulative_cardinality": 1202000004,
                    "operator_type": "PROJECTION",
                    "operator_cardinality": 400000001,
                    "cumulative_rows_scanned": 1608000008,
                    "operator_rows_scanned": 0,
                    "operator_timing": 0.021321469000000322,
                    "children": [
                        {
                            "result_set_size": 6400000016,
                            "operator_name": "HASH_JOIN",
                            "cpu_time": 17.31182741199999,
                            "extra_info": {
                                "Join Type": "INNER",
                                "Conditions": "keyB1 = keyB1",
                                "Estimated Cardinality": "400000001",
                                "Build Time": "42.931 ms",
                                "Probe Time": "13730.004 ms",
                                "Probe Time (ExecuteInternal)": "13730.004 ms",
                                "Probe Time (ExternalProbe)": "0.000 ms",
                                "Scan Structure Next Time (ExecuteInternal)": "1573.977 ms",
                                "Fast Cache Time": "9505.753 ms",
                                "ProbeForPointers Time": "892.269 ms",
                                "Match Time": "2050.502 ms"
                            },
                            "cumulative_cardinality": 802000003,
                            "operator_type": "HASH_JOIN",
                            "operator_cardinality": 400000001,
                            "cumulative_rows_scanned": 1608000008,
                            "operator_rows_scanned": 0,
                            "operator_timing": 17.13819508399999,
                            "children": [
                                {
                                    "result_set_size": 3200000008,
                                    "operator_name": "SEQ_SCAN ",
                                    "cpu_time": 0.17226362099999942,
                                    "extra_info": {
                                        "Table": "a",
                                        "Type": "Sequential Scan",
                                        "Projections": "keyB1",
                                        "Estimated Cardinality": "400000001"
                                    },
                                    "cumulative_cardinality": 400000001,
                                    "operator_type": "TABLE_SCAN",
                                    "operator_cardinality": 400000001,
                                    "cumulative_rows_scanned": 1600000004,
                                    "operator_rows_scanned": 1600000004,
                                    "operator_timing": 0.17226362099999942,
                                    "children": []
                                },
                                {
                                    "result_set_size": 32000016,
                                    "operator_name": "SEQ_SCAN ",
                                    "cpu_time": 0.001368707000000001,
                                    "extra_info": {
                                        "Table": "b",
                                        "Type": "Sequential Scan",
                                        "Projections": [
                                            "keyB1",
                                            "valueB1"
                                        ],
                                        "Estimated Cardinality": "2000001"
                                    },
                                    "cumulative_cardinality": 2000001,
                                    "operator_type": "TABLE_SCAN",
                                    "operator_cardinality": 2000001,
                                    "cumulative_rows_scanned": 8000004,
                                    "operator_rows_scanned": 8000004,
                                    "operator_timing": 0.001368707000000001,
                                    "children": []
                                }
                            ]
                        }
                    ]
                }
            ]
        }
    ]
}