{
    "rows_returned": 1,
    "latency": 9.415037756,
    "result_set_size": 8,
    "query_name": "SELECT min(b.valueB1) \nFROM a \nJOIN b ON a.keyB1 = b.keyB1;",
    "blocked_thread_time": 0.0,
    "system_peak_buffer_memory": 8774408192,
    "system_peak_temp_dir_size": 0,
    "cpu_time": 37.3876501180002,
    "extra_info": {},
    "cumulative_cardinality": 1202000005,
    "cumulative_rows_scanned": 1608000008,
    "children": [
        {
            "result_set_size": 8,
            "operator_name": "UNGROUPED_AGGREGATE",
            "cpu_time": 37.3876501180002,
            "extra_info": {
                "Aggregates": "min(#0)"
            },
            "cumulative_cardinality": 1202000005,
            "operator_type": "UNGROUPED_AGGREGATE",
            "operator_cardinality": 1,
            "cumulative_rows_scanned": 1608000008,
            "operator_rows_scanned": 0,
            "operator_timing": 0.31512769999999934,
            "children": [
                {
                    "result_set_size": 3200000008,
                    "operator_name": "PROJECTION",
                    "cpu_time": 37.072522418000204,
                    "extra_info": {
                        "Projections": "valueB1",
                        "Estimated Cardinality": "2000001"
                    },
                    "cumulative_cardinality": 1202000004,
                    "operator_type": "PROJECTION",
                    "operator_cardinality": 400000001,
                    "cumulative_rows_scanned": 1608000008,
                    "operator_rows_scanned": 0,
                    "operator_timing": 0.023356034000000865,
                    "children": [
                        {
                            "result_set_size": 6400000016,
                            "operator_name": "HASH_JOIN",
                            "cpu_time": 37.0491663840002,
                            "extra_info": {
                                "Join Type": "INNER",
                                "Conditions": "keyB1 = keyB1",
                                "Estimated Cardinality": "2000001",
                                "Build Time": "51.284 ms",
                                "Probe Time": "33689.612 ms",
                                "Probe Time (ExecuteInternal)": "33689.612 ms",
                                "Probe Time (ExternalProbe)": "0.000 ms",
                                "Scan Structure Next Time (ExecuteInternal)": "1271.672 ms",
                                "Fast Cache Time": "30169.992 ms",
                                "ProbeForPointers Time": "581.826 ms",
                                "Match Time": "1633.829 ms"
                            },
                            "cumulative_cardinality": 802000003,
                            "operator_type": "HASH_JOIN",
                            "operator_cardinality": 400000001,
                            "cumulative_rows_scanned": 1608000008,
                            "operator_rows_scanned": 0,
                            "operator_timing": 36.867377188000205,
                            "children": [
                                {
                                    "result_set_size": 3200000008,
                                    "operator_name": "SEQ_SCAN ",
                                    "cpu_time": 0.18033449399999973,
                                    "extra_info": {
                                        "Table": "a",
                                        "Type": "Sequential Scan",
                                        "Projections": "keyB1",
                                        "Estimated Cardinality": "400000001"
                                    },
                                    "cumulative_cardinality": 400000001,
                                    "operator_type": "TABLE_SCAN",
                                    "operator_cardinality": 400000001,
                                    "cumulative_rows_scanned": 1600000004,
                                    "operator_rows_scanned": 1600000004,
                                    "operator_timing": 0.18033449399999973,
                                    "children": []
                                },
                                {
                                    "result_set_size": 32000016,
                                    "operator_name": "SEQ_SCAN ",
                                    "cpu_time": 0.0014547020000000004,
                                    "extra_info": {
                                        "Table": "b",
                                        "Type": "Sequential Scan",
                                        "Projections": [
                                            "keyB1",
                                            "valueB1"
                                        ],
                                        "Estimated Cardinality": "2000001"
                                    },
                                    "cumulative_cardinality": 2000001,
                                    "operator_type": "TABLE_SCAN",
                                    "operator_cardinality": 2000001,
                                    "cumulative_rows_scanned": 8000004,
                                    "operator_rows_scanned": 8000004,
                                    "operator_timing": 0.0014547020000000004,
                                    "children": []
                                }
                            ]
                        }
                    ]
                }
            ]
        }
    ]
}